This file contains any messages produced by compilers while
running configure, to aid debugging if configure makes a mistake.

It was created by nfdump configure 1.6.13, which was
generated by GNU Autoconf 2.69.  Invocation command line was

  $ ./configure 

## --------- ##
## Platform. ##
## --------- ##

hostname = ubuntu
uname -m = x86_64
uname -r = 3.16.0-45-generic
uname -s = Linux
uname -v = #60~14.04.1-Ubuntu SMP Fri Jul 24 21:16:23 UTC 2015

/usr/bin/uname -p = unknown
/bin/uname -X     = unknown

/bin/arch              = unknown
/usr/bin/arch -k       = unknown
/usr/convex/getsysinfo = unknown
/usr/bin/hostinfo      = unknown
/bin/machine           = unknown
/usr/bin/oslevel       = unknown
/bin/universe          = unknown

PATH: /usr/local/sbin
PATH: /usr/local/bin
PATH: /usr/sbin
PATH: /usr/bin
PATH: /sbin
PATH: /bin
PATH: /usr/games
PATH: /usr/local/games


## ----------- ##
## Core tests. ##
## ----------- ##

configure:2551: checking for a BSD-compatible install
configure:2619: result: /usr/bin/install -c
configure:2630: checking whether build environment is sane
configure:2685: result: yes
configure:2836: checking for a thread-safe mkdir -p
configure:2875: result: /bin/mkdir -p
configure:2882: checking for gawk
configure:2912: result: no
configure:2882: checking for mawk
configure:2898: found /usr/bin/mawk
configure:2909: result: mawk
configure:2920: checking whether make sets $(MAKE)
configure:2942: result: yes
configure:2971: checking whether make supports nested variables
configure:2988: result: yes
configure:3163: checking for gcc
configure:3179: found /usr/bin/gcc
configure:3190: result: gcc
configure:3419: checking for C compiler version
configure:3428: gcc --version >&5
gcc (Ubuntu 4.8.4-2ubuntu1~14.04) 4.8.4
Copyright (C) 2013 Free Software Foundation, Inc.
This is free software; see the source for copying conditions.  There is NO
warranty; not even for MERCHANTABILITY or FITNESS FOR A PARTICULAR PURPOSE.

configure:3439: $? = 0
configure:3428: gcc -v >&5
Using built-in specs.
COLLECT_GCC=gcc
COLLECT_LTO_WRAPPER=/usr/lib/gcc/x86_64-linux-gnu/4.8/lto-wrapper
Target: x86_64-linux-gnu
Configured with: ../src/configure -v --with-pkgversion='Ubuntu 4.8.4-2ubuntu1~14.04' --with-bugurl=file:///usr/share/doc/gcc-4.8/README.Bugs --enable-languages=c,c++,java,go,d,fortran,objc,obj-c++ --prefix=/usr --program-suffix=-4.8 --enable-shared --enable-linker-build-id --libexecdir=/usr/lib --without-included-gettext --enable-threads=posix --with-gxx-include-dir=/usr/include/c++/4.8 --libdir=/usr/lib --enable-nls --with-sysroot=/ --enable-clocale=gnu --enable-libstdcxx-debug --enable-libstdcxx-time=yes --enable-gnu-unique-object --disable-libmudflap --enable-plugin --with-system-zlib --disable-browser-plugin --enable-java-awt=gtk --enable-gtk-cairo --with-java-home=/usr/lib/jvm/java-1.5.0-gcj-4.8-amd64/jre --enable-java-home --with-jvm-root-dir=/usr/lib/jvm/java-1.5.0-gcj-4.8-amd64 --with-jvm-jar-dir=/usr/lib/jvm-exports/java-1.5.0-gcj-4.8-amd64 --with-arch-directory=amd64 --with-ecj-jar=/usr/share/java/eclipse-ecj.jar --enable-objc-gc --enable-multiarch --disable-werror --with-arch-32=i686 --with-abi=m64 --with-multilib-list=m32,m64,mx32 --with-tune=generic --enable-checking=release --build=x86_64-linux-gnu --host=x86_64-linux-gnu --target=x86_64-linux-gnu
Thread model: posix
gcc version 4.8.4 (Ubuntu 4.8.4-2ubuntu1~14.04) 
configure:3439: $? = 0
configure:3428: gcc -V >&5
gcc: error: unrecognized command line option '-V'
gcc: fatal error: no input files
compilation terminated.
configure:3439: $? = 4
configure:3428: gcc -qversion >&5
gcc: error: unrecognized command line option '-qversion'
gcc: fatal error: no input files
compilation terminated.
configure:3439: $? = 4
configure:3459: checking whether the C compiler works
configure:3481: gcc    conftest.c  >&5
configure:3485: $? = 0
configure:3533: result: yes
configure:3536: checking for C compiler default output file name
configure:3538: result: a.out
configure:3544: checking for suffix of executables
configure:3551: gcc -o conftest    conftest.c  >&5
configure:3555: $? = 0
configure:3577: result: 
configure:3599: checking whether we are cross compiling
configure:3607: gcc -o conftest    conftest.c  >&5
configure:3611: $? = 0
configure:3618: ./conftest
configure:3622: $? = 0
configure:3637: result: no
configure:3642: checking for suffix of object files
configure:3664: gcc -c   conftest.c >&5
configure:3668: $? = 0
configure:3689: result: o
configure:3693: checking whether we are using the GNU C compiler
configure:3712: gcc -c   conftest.c >&5
configure:3712: $? = 0
configure:3721: result: yes
configure:3730: checking whether gcc accepts -g
configure:3750: gcc -c -g  conftest.c >&5
configure:3750: $? = 0
configure:3791: result: yes
configure:3808: checking for gcc option to accept ISO C89
configure:3871: gcc  -c -g -O2  conftest.c >&5
configure:3871: $? = 0
configure:3884: result: none needed
configure:3909: checking whether gcc understands -c and -o together
configure:3931: gcc -c conftest.c -o conftest2.o
configure:3934: $? = 0
configure:3931: gcc -c conftest.c -o conftest2.o
configure:3934: $? = 0
configure:3946: result: yes
configure:3974: checking for style of include used by make
configure:4002: result: GNU
configure:4028: checking dependency style of gcc
configure:4139: result: gcc3
configure:4223: checking for bison
configure:4253: result: no
configure:4223: checking for byacc
configure:4253: result: no
configure:4267: checking for flex
configure:4297: result: no
configure:4267: checking for lex
configure:4297: result: no
configure:4424: error: No lex or flex found on system

## ---------------- ##
## Cache variables. ##
## ---------------- ##

ac_cv_c_compiler_gnu=yes
ac_cv_env_CC_set=
ac_cv_env_CC_value=
ac_cv_env_CFLAGS_set=
ac_cv_env_CFLAGS_value=
ac_cv_env_CPPFLAGS_set=
ac_cv_env_CPPFLAGS_value=
ac_cv_env_CPP_set=
ac_cv_env_CPP_value=
ac_cv_env_LDFLAGS_set=
ac_cv_env_LDFLAGS_value=
ac_cv_env_LIBS_set=
ac_cv_env_LIBS_value=
ac_cv_env_YACC_set=
ac_cv_env_YACC_value=
ac_cv_env_YFLAGS_set=
ac_cv_env_YFLAGS_value=
ac_cv_env_build_alias_set=
ac_cv_env_build_alias_value=
ac_cv_env_host_alias_set=
ac_cv_env_host_alias_value=
ac_cv_env_target_alias_set=
ac_cv_env_target_alias_value=
ac_cv_objext=o
ac_cv_path_install='/usr/bin/install -c'
ac_cv_path_mkdir=/bin/mkdir
ac_cv_prog_AWK=mawk
ac_cv_prog_ac_ct_CC=gcc
ac_cv_prog_cc_c89=
ac_cv_prog_cc_g=yes
ac_cv_prog_make_make_set=yes
am_cv_CC_dependencies_compiler_type=gcc3
am_cv_make_support_nested_variables=yes
am_cv_prog_cc_c_o=yes

## ----------------- ##
## Output variables. ##
## ----------------- ##

ACLOCAL='${SHELL} /home/gabriel/nfdump/missing aclocal-1.14'
AMDEPBACKSLASH='\'
AMDEP_FALSE='#'
AMDEP_TRUE=''
AMTAR='$${TAR-tar}'
AM_BACKSLASH='\'
AM_DEFAULT_V='$(AM_DEFAULT_VERBOSITY)'
AM_DEFAULT_VERBOSITY='1'
AM_V='$(V)'
AUTOCONF='${SHELL} /home/gabriel/nfdump/missing autoconf'
AUTOHEADER='${SHELL} /home/gabriel/nfdump/missing autoheader'
AUTOMAKE='${SHELL} /home/gabriel/nfdump/missing automake-1.14'
AWK='mawk'
BUILDNFPCAPD_FALSE=''
BUILDNFPCAPD_TRUE=''
CC='gcc'
CCDEPMODE='depmode=gcc3'
CFLAGS='-g -O2 -Wall -Wstrict-prototypes -Wmissing-prototypes -Wmissing-declarations -Wmissing-noreturn -fno-strict-aliasing'
CPP=''
CPPFLAGS=''
CYGPATH_W='echo'
DEFS=''
DEPDIR='.deps'
ECHO_C=''
ECHO_N='-n'
ECHO_T=''
EGREP=''
EXEEXT=''
FT2NFDUMP_FALSE=''
FT2NFDUMP_TRUE=''
FTS_OBJ=''
FT_INCLUDES=''
FT_LDFLAGS=''
GREP=''
INSTALL_DATA='${INSTALL} -m 644'
INSTALL_PROGRAM='${INSTALL}'
INSTALL_SCRIPT='${INSTALL}'
INSTALL_STRIP_PROGRAM='$(install_sh) -c -s'
LDFLAGS=''
LEX=':'
LEXLIB=''
LEX_OUTPUT_ROOT=''
LFLAGS=''
LIBOBJS=''
LIBS=''
LTLIBOBJS=''
MAKEINFO='${SHELL} /home/gabriel/nfdump/missing makeinfo'
MKDIR_P='/bin/mkdir -p'
NFPROFILE_FALSE=''
NFPROFILE_TRUE=''
NFTRACK_FALSE=''
NFTRACK_TRUE=''
OBJEXT='o'
PACKAGE='nfdump'
PACKAGE_BUGREPORT='phaag@users.sourceforge.net'
PACKAGE_NAME='nfdump'
PACKAGE_STRING='nfdump 1.6.13'
PACKAGE_TARNAME='nfdump'
PACKAGE_URL=''
PACKAGE_VERSION='1.6.13'
PATH_SEPARATOR=':'
READPCAP_FALSE=''
READPCAP_TRUE=''
RRD_LIBS=''
SET_MAKE=''
SFLOW_FALSE=''
SFLOW_TRUE=''
SHELL='/bin/bash'
STRIP=''
VERSION='1.6.13'
YACC='yacc'
YFLAGS=''
ac_ct_CC='gcc'
am__EXEEXT_FALSE=''
am__EXEEXT_TRUE=''
am__fastdepCC_FALSE='#'
am__fastdepCC_TRUE=''
am__include='include'
am__isrc=''
am__leading_dot='.'
am__nodep='_no'
am__quote=''
am__tar='$${TAR-tar} chof - "$$tardir"'
am__untar='$${TAR-tar} xf -'
bindir='${exec_prefix}/bin'
build_alias=''
datadir='${datarootdir}'
datarootdir='${prefix}/share'
docdir='${datarootdir}/doc/${PACKAGE_TARNAME}'
dvidir='${docdir}'
exec_prefix='NONE'
host_alias=''
htmldir='${docdir}'
includedir='${prefix}/include'
infodir='${datarootdir}/info'
install_sh='${SHELL} /home/gabriel/nfdump/install-sh'
libdir='${exec_prefix}/lib'
libexecdir='${exec_prefix}/libexec'
localedir='${datarootdir}/locale'
localstatedir='${prefix}/var'
mandir='${datarootdir}/man'
mkdir_p='$(MKDIR_P)'
oldincludedir='/usr/include'
pdfdir='${docdir}'
prefix='NONE'
program_transform_name='s,x,x,'
psdir='${docdir}'
sbindir='${exec_prefix}/sbin'
sharedstatedir='${prefix}/com'
sysconfdir='${prefix}/etc'
target_alias=''

## ----------- ##
## confdefs.h. ##
## ----------- ##

/* confdefs.h */
#define PACKAGE_NAME "nfdump"
#define PACKAGE_TARNAME "nfdump"
#define PACKAGE_VERSION "1.6.13"
#define PACKAGE_STRING "nfdump 1.6.13"
#define PACKAGE_BUGREPORT "phaag@users.sourceforge.net"
#define PACKAGE_URL ""
#define PACKAGE "nfdump"
#define VERSION "1.6.13"

configure: exit 1
